<?xml version="1.0" encoding="UTF-8"?>
<!-- Generated by org.testng.reporters.JUnitXMLReporter -->
<testsuite ignored="0" hostname="Susant-Desktop" failures="1" tests="2" name="Test" time="0.049" errors="0" timestamp="19 Sep 2023 05:56:30 GMT">
  <testcase classname="org.test.Listener.TestAssert" name="test01" time="0.014"/>
  <testcase classname="org.test.Listener.TestAssert" name="test02" time="0.003">
    <failure type="java.lang.AssertionError" message="expected [12345] but found [123456]">
      <![CDATA[java.lang.AssertionError: expected [12345] but found [123456]
at org.test.Listener.TestAssert.test02(TestAssert.java:25)
... Removed 31 stack frames]]>
    </failure>
  </testcase> <!-- test02 -->
</testsuite> <!-- Test -->
